<?xml version="1.0" encoding="UTF-8"?>
<testng-results ignored="2" total="13" passed="5" failed="4" skipped="2">
  <reporter-output>
  </reporter-output>
  <suite started-at="2020-11-29T17:46:23 IST" name="Suite" finished-at="2020-11-29T17:46:23 IST" duration-ms="194">
    <groups>
    </groups>
    <test started-at="2020-11-29T17:46:23 IST" name="Test" finished-at="2020-11-29T17:46:23 IST" duration-ms="73">
      <class name="TestNGPackage.Sprint1">
        <test-method is-config="true" signature="LaunchBrowser(java.lang.String, java.lang.String)[pri:0, instance:TestNGPackage.Sprint1@6a03bcb1]" started-at="2020-11-29T17:46:23 IST" name="LaunchBrowser" finished-at="2020-11-29T17:46:23 IST" duration-ms="5" status="PASS">
          <params>
            <param index="0">
              <value>
                <![CDATA[chrome]]>
              </value>
            </param>
            <param index="1">
              <value>
                <![CDATA[www.chrome.com]]>
              </value>
            </param>
          </params>
          <reporter-output>
          </reporter-output>
        </test-method> <!-- LaunchBrowser -->
        <test-method signature="tc04()[pri:-2, instance:TestNGPackage.Sprint1@6a03bcb1]" started-at="2020-11-29T17:46:23 IST" name="tc04" description="go to url" finished-at="2020-11-29T17:46:23 IST" duration-ms="18" status="FAIL">
          <exception class="java.lang.AssertionError">
            <message>
              <![CDATA[null]]>
            </message>
            <full-stacktrace>
              <![CDATA[java.lang.AssertionError: null
at org.testng.Assert.fail(Assert.java:99)
at org.testng.Assert.fail(Assert.java:106)
at TestNGPackage.Sprint1.tc04(Sprint1.java:67)
at java.base/jdk.internal.reflect.NativeMethodAccessorImpl.invoke0(Native Method)
at java.base/jdk.internal.reflect.NativeMethodAccessorImpl.invoke(NativeMethodAccessorImpl.java:62)
at java.base/jdk.internal.reflect.DelegatingMethodAccessorImpl.invoke(DelegatingMethodAccessorImpl.java:43)
at java.base/java.lang.reflect.Method.invoke(Method.java:564)
at org.testng.internal.MethodInvocationHelper.invokeMethod(MethodInvocationHelper.java:132)
at org.testng.internal.TestInvoker.invokeMethod(TestInvoker.java:599)
at org.testng.internal.TestInvoker.invokeTestMethod(TestInvoker.java:174)
at org.testng.internal.MethodRunner.runInSequence(MethodRunner.java:46)
at org.testng.internal.TestInvoker$MethodInvocationAgent.invoke(TestInvoker.java:822)
at org.testng.internal.TestInvoker.invokeTestMethods(TestInvoker.java:147)
at org.testng.internal.TestMethodWorker.invokeTestMethods(TestMethodWorker.java:146)
at org.testng.internal.TestMethodWorker.run(TestMethodWorker.java:128)
at java.base/java.util.ArrayList.forEach(ArrayList.java:1511)
at org.testng.TestRunner.privateRun(TestRunner.java:764)
at org.testng.TestRunner.run(TestRunner.java:585)
at org.testng.SuiteRunner.runTest(SuiteRunner.java:384)
at org.testng.SuiteRunner.runSequentially(SuiteRunner.java:378)
at org.testng.SuiteRunner.privateRun(SuiteRunner.java:337)
at org.testng.SuiteRunner.run(SuiteRunner.java:286)
at org.testng.SuiteRunnerWorker.runSuite(SuiteRunnerWorker.java:53)
at org.testng.SuiteRunnerWorker.run(SuiteRunnerWorker.java:96)
at org.testng.TestNG.runSuitesSequentially(TestNG.java:1218)
at org.testng.TestNG.runSuitesLocally(TestNG.java:1140)
at org.testng.TestNG.runSuites(TestNG.java:1069)
at org.testng.TestNG.run(TestNG.java:1037)
at org.testng.remote.AbstractRemoteTestNG.run(AbstractRemoteTestNG.java:115)
at org.testng.remote.RemoteTestNG.initAndRun(RemoteTestNG.java:251)
at org.testng.remote.RemoteTestNG.main(RemoteTestNG.java:77)
]]>
            </full-stacktrace>
          </exception> <!-- java.lang.AssertionError -->
          <reporter-output>
          </reporter-output>
        </test-method> <!-- tc04 -->
        <test-method is-config="true" signature="getResult(org.testng.ITestResult)[pri:0, instance:TestNGPackage.Sprint1@6a03bcb1]" started-at="2020-11-29T17:46:23 IST" name="getResult" finished-at="2020-11-29T17:46:23 IST" duration-ms="1" status="PASS">
          <params>
            <param index="0">
              <value>
                <![CDATA[[TestResult name=tc04 status=FAILURE method=Sprint1.tc04()[pri:-2, instance:TestNGPackage.Sprint1@6a03bcb1] output={null}]]]>
              </value>
            </param>
          </params>
          <reporter-output>
          </reporter-output>
        </test-method> <!-- getResult -->
        <test-method is-config="true" signature="CloseBrowser()[pri:0, instance:TestNGPackage.Sprint1@6a03bcb1]" started-at="2020-11-29T17:46:23 IST" name="CloseBrowser" finished-at="2020-11-29T17:46:23 IST" duration-ms="0" status="PASS">
          <reporter-output>
          </reporter-output>
        </test-method> <!-- CloseBrowser -->
        <test-method signature="tc03()[pri:1, instance:TestNGPackage.Sprint1@6a03bcb1]" started-at="2020-11-29T17:46:23 IST" name="tc03" description="checkout to cart" finished-at="2020-11-29T17:46:23 IST" duration-ms="3" status="FAIL">
          <exception class="java.lang.AssertionError">
            <message>
              <![CDATA[The following asserts failed:
null]]>
            </message>
            <full-stacktrace>
              <![CDATA[java.lang.AssertionError: The following asserts failed:
null
at org.testng.asserts.SoftAssert.assertAll(SoftAssert.java:47)
at org.testng.asserts.SoftAssert.assertAll(SoftAssert.java:31)
at TestNGPackage.Sprint1.tc03(Sprint1.java:42)
at java.base/jdk.internal.reflect.NativeMethodAccessorImpl.invoke0(Native Method)
at java.base/jdk.internal.reflect.NativeMethodAccessorImpl.invoke(NativeMethodAccessorImpl.java:62)
at java.base/jdk.internal.reflect.DelegatingMethodAccessorImpl.invoke(DelegatingMethodAccessorImpl.java:43)
at java.base/java.lang.reflect.Method.invoke(Method.java:564)
at org.testng.internal.MethodInvocationHelper.invokeMethod(MethodInvocationHelper.java:132)
at org.testng.internal.TestInvoker.invokeMethod(TestInvoker.java:599)
at org.testng.internal.TestInvoker.invokeTestMethod(TestInvoker.java:174)
at org.testng.internal.MethodRunner.runInSequence(MethodRunner.java:46)
at org.testng.internal.TestInvoker$MethodInvocationAgent.invoke(TestInvoker.java:822)
at org.testng.internal.TestInvoker.invokeTestMethods(TestInvoker.java:147)
at org.testng.internal.TestMethodWorker.invokeTestMethods(TestMethodWorker.java:146)
at org.testng.internal.TestMethodWorker.run(TestMethodWorker.java:128)
at java.base/java.util.ArrayList.forEach(ArrayList.java:1511)
at org.testng.TestRunner.privateRun(TestRunner.java:764)
at org.testng.TestRunner.run(TestRunner.java:585)
at org.testng.SuiteRunner.runTest(SuiteRunner.java:384)
at org.testng.SuiteRunner.runSequentially(SuiteRunner.java:378)
at org.testng.SuiteRunner.privateRun(SuiteRunner.java:337)
at org.testng.SuiteRunner.run(SuiteRunner.java:286)
at org.testng.SuiteRunnerWorker.runSuite(SuiteRunnerWorker.java:53)
at org.testng.SuiteRunnerWorker.run(SuiteRunnerWorker.java:96)
at org.testng.TestNG.runSuitesSequentially(TestNG.java:1218)
at org.testng.TestNG.runSuitesLocally(TestNG.java:1140)
at org.testng.TestNG.runSuites(TestNG.java:1069)
at org.testng.TestNG.run(TestNG.java:1037)
at org.testng.remote.AbstractRemoteTestNG.run(AbstractRemoteTestNG.java:115)
at org.testng.remote.RemoteTestNG.initAndRun(RemoteTestNG.java:251)
at org.testng.remote.RemoteTestNG.main(RemoteTestNG.java:77)
]]>
            </full-stacktrace>
          </exception> <!-- java.lang.AssertionError -->
          <reporter-output>
          </reporter-output>
        </test-method> <!-- tc03 -->
        <test-method is-config="true" signature="LaunchBrowser(java.lang.String, java.lang.String)[pri:0, instance:TestNGPackage.Sprint1@6a03bcb1]" started-at="2020-11-29T17:46:23 IST" name="LaunchBrowser" finished-at="2020-11-29T17:46:23 IST" duration-ms="0" status="PASS">
          <params>
            <param index="0">
              <value>
                <![CDATA[chrome]]>
              </value>
            </param>
            <param index="1">
              <value>
                <![CDATA[www.chrome.com]]>
              </value>
            </param>
          </params>
          <reporter-output>
          </reporter-output>
        </test-method> <!-- LaunchBrowser -->
        <test-method is-config="true" signature="getResult(org.testng.ITestResult)[pri:0, instance:TestNGPackage.Sprint1@6a03bcb1]" started-at="2020-11-29T17:46:23 IST" name="getResult" finished-at="2020-11-29T17:46:23 IST" duration-ms="0" status="PASS">
          <params>
            <param index="0">
              <value>
                <![CDATA[[TestResult name=tc03 status=FAILURE method=Sprint1.tc03()[pri:1, instance:TestNGPackage.Sprint1@6a03bcb1] output={null}]]]>
              </value>
            </param>
          </params>
          <reporter-output>
          </reporter-output>
        </test-method> <!-- getResult -->
        <test-method is-config="true" signature="CloseBrowser()[pri:0, instance:TestNGPackage.Sprint1@6a03bcb1]" started-at="2020-11-29T17:46:23 IST" name="CloseBrowser" finished-at="2020-11-29T17:46:23 IST" duration-ms="0" status="PASS">
          <reporter-output>
          </reporter-output>
        </test-method> <!-- CloseBrowser -->
        <test-method is-config="true" signature="LaunchBrowser(java.lang.String, java.lang.String)[pri:0, instance:TestNGPackage.Sprint1@6a03bcb1]" started-at="2020-11-29T17:46:23 IST" name="LaunchBrowser" finished-at="2020-11-29T17:46:23 IST" duration-ms="1" status="PASS">
          <params>
            <param index="0">
              <value>
                <![CDATA[chrome]]>
              </value>
            </param>
            <param index="1">
              <value>
                <![CDATA[www.chrome.com]]>
              </value>
            </param>
          </params>
          <reporter-output>
          </reporter-output>
        </test-method> <!-- LaunchBrowser -->
        <test-method signature="tc02()[pri:2, instance:TestNGPackage.Sprint1@6a03bcb1]" started-at="2020-11-29T17:46:23 IST" name="tc02" description="Selecting Product" finished-at="2020-11-29T17:46:23 IST" duration-ms="3" status="PASS">
          <reporter-output>
          </reporter-output>
        </test-method> <!-- tc02 -->
        <test-method is-config="true" signature="getResult(org.testng.ITestResult)[pri:0, instance:TestNGPackage.Sprint1@6a03bcb1]" started-at="2020-11-29T17:46:23 IST" name="getResult" finished-at="2020-11-29T17:46:23 IST" duration-ms="1" status="PASS">
          <params>
            <param index="0">
              <value>
                <![CDATA[[TestResult name=tc02 status=SUCCESS method=Sprint1.tc02()[pri:2, instance:TestNGPackage.Sprint1@6a03bcb1] output={null}]]]>
              </value>
            </param>
          </params>
          <reporter-output>
          </reporter-output>
        </test-method> <!-- getResult -->
        <test-method is-config="true" signature="CloseBrowser()[pri:0, instance:TestNGPackage.Sprint1@6a03bcb1]" started-at="2020-11-29T17:46:23 IST" name="CloseBrowser" finished-at="2020-11-29T17:46:23 IST" duration-ms="0" status="PASS">
          <reporter-output>
          </reporter-output>
        </test-method> <!-- CloseBrowser -->
        <test-method signature="tc01()[pri:3, instance:TestNGPackage.Sprint1@6a03bcb1]" started-at="2020-11-29T17:46:23 IST" name="tc01" description="Login test case" finished-at="2020-11-29T17:46:23 IST" depends-on-methods="TestNGPackage.Sprint1.tc03" duration-ms="0" status="SKIP">
          <exception class="java.lang.Throwable">
            <message>
              <![CDATA[Method Sprint1.tc01()[pri:3, instance:TestNGPackage.Sprint1@6a03bcb1] depends on not successfully finished methods]]>
            </message>
            <full-stacktrace>
              <![CDATA[java.lang.Throwable: Method Sprint1.tc01()[pri:3, instance:TestNGPackage.Sprint1@6a03bcb1] depends on not successfully finished methods
at org.testng.internal.TestInvoker.invokeTestMethods(TestInvoker.java:102)
at org.testng.internal.TestMethodWorker.invokeTestMethods(TestMethodWorker.java:146)
at org.testng.internal.TestMethodWorker.run(TestMethodWorker.java:128)
at java.base/java.util.ArrayList.forEach(ArrayList.java:1511)
at org.testng.TestRunner.privateRun(TestRunner.java:764)
at org.testng.TestRunner.run(TestRunner.java:585)
at org.testng.SuiteRunner.runTest(SuiteRunner.java:384)
at org.testng.SuiteRunner.runSequentially(SuiteRunner.java:378)
at org.testng.SuiteRunner.privateRun(SuiteRunner.java:337)
at org.testng.SuiteRunner.run(SuiteRunner.java:286)
at org.testng.SuiteRunnerWorker.runSuite(SuiteRunnerWorker.java:53)
at org.testng.SuiteRunnerWorker.run(SuiteRunnerWorker.java:96)
at org.testng.TestNG.runSuitesSequentially(TestNG.java:1218)
at org.testng.TestNG.runSuitesLocally(TestNG.java:1140)
at org.testng.TestNG.runSuites(TestNG.java:1069)
at org.testng.TestNG.run(TestNG.java:1037)
at org.testng.remote.AbstractRemoteTestNG.run(AbstractRemoteTestNG.java:115)
at org.testng.remote.RemoteTestNG.initAndRun(RemoteTestNG.java:251)
at org.testng.remote.RemoteTestNG.main(RemoteTestNG.java:77)
]]>
            </full-stacktrace>
          </exception> <!-- java.lang.Throwable -->
          <reporter-output>
          </reporter-output>
        </test-method> <!-- tc01 -->
      </class> <!-- TestNGPackage.Sprint1 -->
    </test> <!-- Test -->
    <test started-at="2020-11-29T17:46:23 IST" name="TestinIE" finished-at="2020-11-29T17:46:23 IST" duration-ms="66">
      <class name="TestNGPackage.Sprint1">
        <test-method is-config="true" signature="startReport()[pri:0, instance:TestNGPackage.Sprint1@e1de817]" started-at="2020-11-29T17:46:23 IST" name="startReport" finished-at="2020-11-29T17:46:23 IST" duration-ms="248" status="PASS">
          <reporter-output>
          </reporter-output>
        </test-method> <!-- startReport -->
        <test-method is-config="true" signature="LaunchBrowser(java.lang.String, java.lang.String)[pri:0, instance:TestNGPackage.Sprint1@e1de817]" started-at="2020-11-29T17:46:23 IST" name="LaunchBrowser" finished-at="2020-11-29T17:46:23 IST" duration-ms="1" status="PASS">
          <params>
            <param index="0">
              <value>
                <![CDATA[i.e]]>
              </value>
            </param>
            <param index="1">
              <value>
                <![CDATA[www.chrome.com]]>
              </value>
            </param>
          </params>
          <reporter-output>
          </reporter-output>
        </test-method> <!-- LaunchBrowser -->
        <test-method signature="tc04()[pri:-2, instance:TestNGPackage.Sprint1@e1de817]" started-at="2020-11-29T17:46:23 IST" name="tc04" description="go to url" finished-at="2020-11-29T17:46:23 IST" duration-ms="6" status="FAIL">
          <exception class="java.lang.AssertionError">
            <message>
              <![CDATA[null]]>
            </message>
            <full-stacktrace>
              <![CDATA[java.lang.AssertionError: null
at org.testng.Assert.fail(Assert.java:99)
at org.testng.Assert.fail(Assert.java:106)
at TestNGPackage.Sprint1.tc04(Sprint1.java:67)
at java.base/jdk.internal.reflect.NativeMethodAccessorImpl.invoke0(Native Method)
at java.base/jdk.internal.reflect.NativeMethodAccessorImpl.invoke(NativeMethodAccessorImpl.java:62)
at java.base/jdk.internal.reflect.DelegatingMethodAccessorImpl.invoke(DelegatingMethodAccessorImpl.java:43)
at java.base/java.lang.reflect.Method.invoke(Method.java:564)
at org.testng.internal.MethodInvocationHelper.invokeMethod(MethodInvocationHelper.java:132)
at org.testng.internal.TestInvoker.invokeMethod(TestInvoker.java:599)
at org.testng.internal.TestInvoker.invokeTestMethod(TestInvoker.java:174)
at org.testng.internal.MethodRunner.runInSequence(MethodRunner.java:46)
at org.testng.internal.TestInvoker$MethodInvocationAgent.invoke(TestInvoker.java:822)
at org.testng.internal.TestInvoker.invokeTestMethods(TestInvoker.java:147)
at org.testng.internal.TestMethodWorker.invokeTestMethods(TestMethodWorker.java:146)
at org.testng.internal.TestMethodWorker.run(TestMethodWorker.java:128)
at java.base/java.util.ArrayList.forEach(ArrayList.java:1511)
at org.testng.TestRunner.privateRun(TestRunner.java:764)
at org.testng.TestRunner.run(TestRunner.java:585)
at org.testng.SuiteRunner.runTest(SuiteRunner.java:384)
at org.testng.SuiteRunner.runSequentially(SuiteRunner.java:378)
at org.testng.SuiteRunner.privateRun(SuiteRunner.java:337)
at org.testng.SuiteRunner.run(SuiteRunner.java:286)
at org.testng.SuiteRunnerWorker.runSuite(SuiteRunnerWorker.java:53)
at org.testng.SuiteRunnerWorker.run(SuiteRunnerWorker.java:96)
at org.testng.TestNG.runSuitesSequentially(TestNG.java:1218)
at org.testng.TestNG.runSuitesLocally(TestNG.java:1140)
at org.testng.TestNG.runSuites(TestNG.java:1069)
at org.testng.TestNG.run(TestNG.java:1037)
at org.testng.remote.AbstractRemoteTestNG.run(AbstractRemoteTestNG.java:115)
at org.testng.remote.RemoteTestNG.initAndRun(RemoteTestNG.java:251)
at org.testng.remote.RemoteTestNG.main(RemoteTestNG.java:77)
]]>
            </full-stacktrace>
          </exception> <!-- java.lang.AssertionError -->
          <reporter-output>
          </reporter-output>
        </test-method> <!-- tc04 -->
        <test-method is-config="true" signature="CloseBrowser()[pri:0, instance:TestNGPackage.Sprint1@e1de817]" started-at="2020-11-29T17:46:23 IST" name="CloseBrowser" finished-at="2020-11-29T17:46:23 IST" duration-ms="1" status="PASS">
          <reporter-output>
          </reporter-output>
        </test-method> <!-- CloseBrowser -->
        <test-method is-config="true" signature="getResult(org.testng.ITestResult)[pri:0, instance:TestNGPackage.Sprint1@e1de817]" started-at="2020-11-29T17:46:23 IST" name="getResult" finished-at="2020-11-29T17:46:23 IST" duration-ms="0" status="PASS">
          <params>
            <param index="0">
              <value>
                <![CDATA[[TestResult name=tc04 status=FAILURE method=Sprint1.tc04()[pri:-2, instance:TestNGPackage.Sprint1@e1de817] output={null}]]]>
              </value>
            </param>
          </params>
          <reporter-output>
          </reporter-output>
        </test-method> <!-- getResult -->
        <test-method is-config="true" signature="LaunchBrowser(java.lang.String, java.lang.String)[pri:0, instance:TestNGPackage.Sprint1@e1de817]" started-at="2020-11-29T17:46:23 IST" name="LaunchBrowser" finished-at="2020-11-29T17:46:23 IST" duration-ms="1" status="PASS">
          <params>
            <param index="0">
              <value>
                <![CDATA[i.e]]>
              </value>
            </param>
            <param index="1">
              <value>
                <![CDATA[www.chrome.com]]>
              </value>
            </param>
          </params>
          <reporter-output>
          </reporter-output>
        </test-method> <!-- LaunchBrowser -->
        <test-method signature="tc03()[pri:1, instance:TestNGPackage.Sprint1@e1de817]" started-at="2020-11-29T17:46:23 IST" name="tc03" description="checkout to cart" finished-at="2020-11-29T17:46:23 IST" duration-ms="1" status="FAIL">
          <exception class="java.lang.AssertionError">
            <message>
              <![CDATA[The following asserts failed:
null]]>
            </message>
            <full-stacktrace>
              <![CDATA[java.lang.AssertionError: The following asserts failed:
null
at org.testng.asserts.SoftAssert.assertAll(SoftAssert.java:47)
at org.testng.asserts.SoftAssert.assertAll(SoftAssert.java:31)
at TestNGPackage.Sprint1.tc03(Sprint1.java:42)
at java.base/jdk.internal.reflect.NativeMethodAccessorImpl.invoke0(Native Method)
at java.base/jdk.internal.reflect.NativeMethodAccessorImpl.invoke(NativeMethodAccessorImpl.java:62)
at java.base/jdk.internal.reflect.DelegatingMethodAccessorImpl.invoke(DelegatingMethodAccessorImpl.java:43)
at java.base/java.lang.reflect.Method.invoke(Method.java:564)
at org.testng.internal.MethodInvocationHelper.invokeMethod(MethodInvocationHelper.java:132)
at org.testng.internal.TestInvoker.invokeMethod(TestInvoker.java:599)
at org.testng.internal.TestInvoker.invokeTestMethod(TestInvoker.java:174)
at org.testng.internal.MethodRunner.runInSequence(MethodRunner.java:46)
at org.testng.internal.TestInvoker$MethodInvocationAgent.invoke(TestInvoker.java:822)
at org.testng.internal.TestInvoker.invokeTestMethods(TestInvoker.java:147)
at org.testng.internal.TestMethodWorker.invokeTestMethods(TestMethodWorker.java:146)
at org.testng.internal.TestMethodWorker.run(TestMethodWorker.java:128)
at java.base/java.util.ArrayList.forEach(ArrayList.java:1511)
at org.testng.TestRunner.privateRun(TestRunner.java:764)
at org.testng.TestRunner.run(TestRunner.java:585)
at org.testng.SuiteRunner.runTest(SuiteRunner.java:384)
at org.testng.SuiteRunner.runSequentially(SuiteRunner.java:378)
at org.testng.SuiteRunner.privateRun(SuiteRunner.java:337)
at org.testng.SuiteRunner.run(SuiteRunner.java:286)
at org.testng.SuiteRunnerWorker.runSuite(SuiteRunnerWorker.java:53)
at org.testng.SuiteRunnerWorker.run(SuiteRunnerWorker.java:96)
at org.testng.TestNG.runSuitesSequentially(TestNG.java:1218)
at org.testng.TestNG.runSuitesLocally(TestNG.java:1140)
at org.testng.TestNG.runSuites(TestNG.java:1069)
at org.testng.TestNG.run(TestNG.java:1037)
at org.testng.remote.AbstractRemoteTestNG.run(AbstractRemoteTestNG.java:115)
at org.testng.remote.RemoteTestNG.initAndRun(RemoteTestNG.java:251)
at org.testng.remote.RemoteTestNG.main(RemoteTestNG.java:77)
]]>
            </full-stacktrace>
          </exception> <!-- java.lang.AssertionError -->
          <reporter-output>
          </reporter-output>
        </test-method> <!-- tc03 -->
        <test-method is-config="true" signature="getResult(org.testng.ITestResult)[pri:0, instance:TestNGPackage.Sprint1@e1de817]" started-at="2020-11-29T17:46:23 IST" name="getResult" finished-at="2020-11-29T17:46:23 IST" duration-ms="1" status="PASS">
          <params>
            <param index="0">
              <value>
                <![CDATA[[TestResult name=tc03 status=FAILURE method=Sprint1.tc03()[pri:1, instance:TestNGPackage.Sprint1@e1de817] output={null}]]]>
              </value>
            </param>
          </params>
          <reporter-output>
          </reporter-output>
        </test-method> <!-- getResult -->
        <test-method is-config="true" signature="CloseBrowser()[pri:0, instance:TestNGPackage.Sprint1@e1de817]" started-at="2020-11-29T17:46:23 IST" name="CloseBrowser" finished-at="2020-11-29T17:46:23 IST" duration-ms="0" status="PASS">
          <reporter-output>
          </reporter-output>
        </test-method> <!-- CloseBrowser -->
        <test-method is-config="true" signature="LaunchBrowser(java.lang.String, java.lang.String)[pri:0, instance:TestNGPackage.Sprint1@e1de817]" started-at="2020-11-29T17:46:23 IST" name="LaunchBrowser" finished-at="2020-11-29T17:46:23 IST" duration-ms="2" status="PASS">
          <params>
            <param index="0">
              <value>
                <![CDATA[i.e]]>
              </value>
            </param>
            <param index="1">
              <value>
                <![CDATA[www.chrome.com]]>
              </value>
            </param>
          </params>
          <reporter-output>
          </reporter-output>
        </test-method> <!-- LaunchBrowser -->
        <test-method signature="tc02()[pri:2, instance:TestNGPackage.Sprint1@e1de817]" started-at="2020-11-29T17:46:23 IST" name="tc02" description="Selecting Product" finished-at="2020-11-29T17:46:23 IST" duration-ms="3" status="PASS">
          <reporter-output>
          </reporter-output>
        </test-method> <!-- tc02 -->
        <test-method is-config="true" signature="getResult(org.testng.ITestResult)[pri:0, instance:TestNGPackage.Sprint1@e1de817]" started-at="2020-11-29T17:46:23 IST" name="getResult" finished-at="2020-11-29T17:46:23 IST" duration-ms="1" status="PASS">
          <params>
            <param index="0">
              <value>
                <![CDATA[[TestResult name=tc02 status=SUCCESS method=Sprint1.tc02()[pri:2, instance:TestNGPackage.Sprint1@e1de817] output={null}]]]>
              </value>
            </param>
          </params>
          <reporter-output>
          </reporter-output>
        </test-method> <!-- getResult -->
        <test-method is-config="true" signature="CloseBrowser()[pri:0, instance:TestNGPackage.Sprint1@e1de817]" started-at="2020-11-29T17:46:23 IST" name="CloseBrowser" finished-at="2020-11-29T17:46:23 IST" duration-ms="0" status="PASS">
          <reporter-output>
          </reporter-output>
        </test-method> <!-- CloseBrowser -->
        <test-method signature="tc01()[pri:3, instance:TestNGPackage.Sprint1@e1de817]" started-at="2020-11-29T17:46:23 IST" name="tc01" description="Login test case" finished-at="2020-11-29T17:46:23 IST" depends-on-methods="TestNGPackage.Sprint1.tc03" duration-ms="0" status="SKIP">
          <exception class="java.lang.Throwable">
            <message>
              <![CDATA[Method Sprint1.tc01()[pri:3, instance:TestNGPackage.Sprint1@e1de817] depends on not successfully finished methods]]>
            </message>
            <full-stacktrace>
              <![CDATA[java.lang.Throwable: Method Sprint1.tc01()[pri:3, instance:TestNGPackage.Sprint1@e1de817] depends on not successfully finished methods
at org.testng.internal.TestInvoker.invokeTestMethods(TestInvoker.java:102)
at org.testng.internal.TestMethodWorker.invokeTestMethods(TestMethodWorker.java:146)
at org.testng.internal.TestMethodWorker.run(TestMethodWorker.java:128)
at java.base/java.util.ArrayList.forEach(ArrayList.java:1511)
at org.testng.TestRunner.privateRun(TestRunner.java:764)
at org.testng.TestRunner.run(TestRunner.java:585)
at org.testng.SuiteRunner.runTest(SuiteRunner.java:384)
at org.testng.SuiteRunner.runSequentially(SuiteRunner.java:378)
at org.testng.SuiteRunner.privateRun(SuiteRunner.java:337)
at org.testng.SuiteRunner.run(SuiteRunner.java:286)
at org.testng.SuiteRunnerWorker.runSuite(SuiteRunnerWorker.java:53)
at org.testng.SuiteRunnerWorker.run(SuiteRunnerWorker.java:96)
at org.testng.TestNG.runSuitesSequentially(TestNG.java:1218)
at org.testng.TestNG.runSuitesLocally(TestNG.java:1140)
at org.testng.TestNG.runSuites(TestNG.java:1069)
at org.testng.TestNG.run(TestNG.java:1037)
at org.testng.remote.AbstractRemoteTestNG.run(AbstractRemoteTestNG.java:115)
at org.testng.remote.RemoteTestNG.initAndRun(RemoteTestNG.java:251)
at org.testng.remote.RemoteTestNG.main(RemoteTestNG.java:77)
]]>
            </full-stacktrace>
          </exception> <!-- java.lang.Throwable -->
          <reporter-output>
          </reporter-output>
        </test-method> <!-- tc01 -->
        <test-method is-config="true" signature="endReport()[pri:0, instance:TestNGPackage.Sprint1@e1de817]" started-at="2020-11-29T17:46:23 IST" name="endReport" finished-at="2020-11-29T17:46:24 IST" duration-ms="693" status="PASS">
          <reporter-output>
          </reporter-output>
        </test-method> <!-- endReport -->
      </class> <!-- TestNGPackage.Sprint1 -->
      <class name="TestNGPackage.Sprint2">
        <test-method is-config="true" signature="LaunchBrowser(java.lang.String, java.lang.String)[pri:0, instance:TestNGPackage.Sprint2@52102734]" started-at="2020-11-29T17:46:23 IST" name="LaunchBrowser" finished-at="2020-11-29T17:46:23 IST" duration-ms="0" status="PASS">
          <params>
            <param index="0">
              <value>
                <![CDATA[i.e]]>
              </value>
            </param>
            <param index="1">
              <value>
                <![CDATA[www.chrome.com]]>
              </value>
            </param>
          </params>
          <reporter-output>
          </reporter-output>
        </test-method> <!-- LaunchBrowser -->
        <test-method signature="tc05(java.lang.String, java.lang.String)[pri:0, instance:TestNGPackage.Sprint2@52102734]" started-at="2020-11-29T17:46:23 IST" name="tc05" data-provider="getData" finished-at="2020-11-29T17:46:23 IST" duration-ms="2" status="PASS">
          <params>
            <param index="0">
              <value>
                <![CDATA[Admin]]>
              </value>
            </param>
            <param index="1">
              <value>
                <![CDATA[Admmin123]]>
              </value>
            </param>
          </params>
          <reporter-output>
          </reporter-output>
        </test-method> <!-- tc05 -->
        <test-method is-config="true" signature="getResult(org.testng.ITestResult)[pri:0, instance:TestNGPackage.Sprint2@52102734]" started-at="2020-11-29T17:46:23 IST" name="getResult" finished-at="2020-11-29T17:46:23 IST" duration-ms="1" status="PASS">
          <params>
            <param index="0">
              <value>
                <![CDATA[[TestResult name=tc05 status=SUCCESS method=Sprint2.tc05(java.lang.String, java.lang.String)[pri:0, instance:TestNGPackage.Sprint2@52102734] output={null}]]]>
              </value>
            </param>
          </params>
          <reporter-output>
          </reporter-output>
        </test-method> <!-- getResult -->
        <test-method is-config="true" signature="CloseBrowser()[pri:0, instance:TestNGPackage.Sprint2@52102734]" started-at="2020-11-29T17:46:23 IST" name="CloseBrowser" finished-at="2020-11-29T17:46:23 IST" duration-ms="0" status="PASS">
          <reporter-output>
          </reporter-output>
        </test-method> <!-- CloseBrowser -->
        <test-method is-config="true" signature="LaunchBrowser(java.lang.String, java.lang.String)[pri:0, instance:TestNGPackage.Sprint2@52102734]" started-at="2020-11-29T17:46:23 IST" name="LaunchBrowser" finished-at="2020-11-29T17:46:23 IST" duration-ms="1" status="PASS">
          <params>
            <param index="0">
              <value>
                <![CDATA[i.e]]>
              </value>
            </param>
            <param index="1">
              <value>
                <![CDATA[www.chrome.com]]>
              </value>
            </param>
          </params>
          <reporter-output>
          </reporter-output>
        </test-method> <!-- LaunchBrowser -->
        <test-method signature="tc05(java.lang.String, java.lang.String)[pri:0, instance:TestNGPackage.Sprint2@52102734]" started-at="2020-11-29T17:46:23 IST" name="tc05" data-provider="getData" finished-at="2020-11-29T17:46:23 IST" duration-ms="2" status="PASS">
          <params>
            <param index="0">
              <value>
                <![CDATA[Admin]]>
              </value>
            </param>
            <param index="1">
              <value>
                <![CDATA[Admmin]]>
              </value>
            </param>
          </params>
          <reporter-output>
          </reporter-output>
        </test-method> <!-- tc05 -->
        <test-method is-config="true" signature="CloseBrowser()[pri:0, instance:TestNGPackage.Sprint2@52102734]" started-at="2020-11-29T17:46:23 IST" name="CloseBrowser" finished-at="2020-11-29T17:46:23 IST" duration-ms="0" status="PASS">
          <reporter-output>
          </reporter-output>
        </test-method> <!-- CloseBrowser -->
        <test-method is-config="true" signature="getResult(org.testng.ITestResult)[pri:0, instance:TestNGPackage.Sprint2@52102734]" started-at="2020-11-29T17:46:23 IST" name="getResult" finished-at="2020-11-29T17:46:23 IST" duration-ms="1" status="PASS">
          <params>
            <param index="0">
              <value>
                <![CDATA[[TestResult name=tc05 status=SUCCESS method=Sprint2.tc05(java.lang.String, java.lang.String)[pri:0, instance:TestNGPackage.Sprint2@52102734] output={null}]]]>
              </value>
            </param>
          </params>
          <reporter-output>
          </reporter-output>
        </test-method> <!-- getResult -->
        <test-method is-config="true" signature="LaunchBrowser(java.lang.String, java.lang.String)[pri:0, instance:TestNGPackage.Sprint2@52102734]" started-at="2020-11-29T17:46:23 IST" name="LaunchBrowser" finished-at="2020-11-29T17:46:23 IST" duration-ms="1" status="PASS">
          <params>
            <param index="0">
              <value>
                <![CDATA[i.e]]>
              </value>
            </param>
            <param index="1">
              <value>
                <![CDATA[www.chrome.com]]>
              </value>
            </param>
          </params>
          <reporter-output>
          </reporter-output>
        </test-method> <!-- LaunchBrowser -->
        <test-method signature="tc05(java.lang.String, java.lang.String)[pri:0, instance:TestNGPackage.Sprint2@52102734]" started-at="2020-11-29T17:46:23 IST" name="tc05" data-provider="getData" finished-at="2020-11-29T17:46:23 IST" duration-ms="2" status="PASS">
          <params>
            <param index="0">
              <value>
                <![CDATA[sdfdsf]]>
              </value>
            </param>
            <param index="1">
              <value>
                <![CDATA[dsfdsfs]]>
              </value>
            </param>
          </params>
          <reporter-output>
          </reporter-output>
        </test-method> <!-- tc05 -->
        <test-method is-config="true" signature="CloseBrowser()[pri:0, instance:TestNGPackage.Sprint2@52102734]" started-at="2020-11-29T17:46:23 IST" name="CloseBrowser" finished-at="2020-11-29T17:46:23 IST" duration-ms="1" status="PASS">
          <reporter-output>
          </reporter-output>
        </test-method> <!-- CloseBrowser -->
        <test-method is-config="true" signature="getResult(org.testng.ITestResult)[pri:0, instance:TestNGPackage.Sprint2@52102734]" started-at="2020-11-29T17:46:23 IST" name="getResult" finished-at="2020-11-29T17:46:23 IST" duration-ms="1" status="PASS">
          <params>
            <param index="0">
              <value>
                <![CDATA[[TestResult name=tc05 status=SUCCESS method=Sprint2.tc05(java.lang.String, java.lang.String)[pri:0, instance:TestNGPackage.Sprint2@52102734] output={null}]]]>
              </value>
            </param>
          </params>
          <reporter-output>
          </reporter-output>
        </test-method> <!-- getResult -->
      </class> <!-- TestNGPackage.Sprint2 -->
    </test> <!-- TestinIE -->
  </suite> <!-- Suite -->
</testng-results>
